        -:    0:Source:test.c
        -:    0:Graph:./test.elf-test.gcno
        -:    0:Data:./test.elf-test.gcda
        -:    0:Runs:1
        -:    1:#include <stdio.h>
        -:    2:
        1:    3:int inc(int v){ return v+1; }
        1:    4:int foo(int a){
        1:    5:    if (a == inc(a)) {
    #####:    6:        return 42; 
        -:    7:    }
        1:    8:    return 0;
        -:    9:}
        -:   10:
        1:   11:int main(void) {
        -:   12:    int x;
        -:   13:    
        1:   14:    return foo(x);
        -:   15:}
